   0  $accept : %entry% $end

   1  main : expr EOF
   2       | expr SEMI

   3  command : expr SEMI
   4          | LET var EQ expr SEMI
   5          | LET REC var EQ FUN var ARROW expr SEMI

   6  expr : LET var EQ expr IN expr
   7       | LET REC var var EQ expr IN expr
   8       | LET REC fun_list IN expr SEMI
   9       | IF expr THEN expr ELSE expr
  10       | expr EQ expr
  11       | expr LT expr
  12       | expr PLUS expr
  13       | expr MINUS expr
  14       | expr TIMES expr
  15       | expr DIV expr
  16       | FUN var ARROW expr
  17       | expr apply_expr
  18       | MATCH expr WITH pattern_expr END
  19       | expr CONS expr
  20       | apply_expr

  21  fun_list : var EQ FUN var ARROW expr
  22           | var EQ FUN var ARROW expr AND fun_list

  23  expr_list : expr
  24            | expr COMMA expr_list

  25  pattern_expr :
  26               | pattern ARROW expr
  27               | pattern ARROW expr OR pattern_expr

  28  pattern : INT
  29          | BOOL
  30          | ID
  31          | LBRACKET RBRACKET
  32          | LPAR pattern COMMA pattern_list RPAR
  33          | pattern CONS pattern

  34  pattern_list : pattern
  35               | pattern COMMA pattern_list

  36  apply_expr : INT
  37             | BOOL
  38             | ID
  39             | LPAR expr RPAR
  40             | LBRACKET RBRACKET

  41  var : ID

  42  %entry% : '\001' main
  43          | '\002' command

state 0
	$accept : . %entry% $end  (0)

	'\001'  shift 1
	'\002'  shift 2
	.  error

	%entry%  goto 3


state 1
	%entry% : '\001' . main  (42)

	INT  shift 4
	BOOL  shift 5
	ID  shift 6
	LET  shift 7
	IF  shift 8
	LPAR  shift 9
	FUN  shift 10
	MATCH  shift 11
	LBRACKET  shift 12
	.  error

	main  goto 13
	expr  goto 14
	apply_expr  goto 15


state 2
	%entry% : '\002' . command  (43)

	INT  shift 4
	BOOL  shift 5
	ID  shift 6
	LET  shift 16
	IF  shift 8
	LPAR  shift 9
	FUN  shift 10
	MATCH  shift 11
	LBRACKET  shift 12
	.  error

	command  goto 17
	expr  goto 18
	apply_expr  goto 15


state 3
	$accept : %entry% . $end  (0)

	$end  accept


state 4
	apply_expr : INT .  (36)

	.  reduce 36


state 5
	apply_expr : BOOL .  (37)

	.  reduce 37


state 6
	apply_expr : ID .  (38)

	.  reduce 38


state 7
	expr : LET . var EQ expr IN expr  (6)
	expr : LET . REC var var EQ expr IN expr  (7)
	expr : LET . REC fun_list IN expr SEMI  (8)

	ID  shift 19
	REC  shift 20
	.  error

	var  goto 21


state 8
	expr : IF . expr THEN expr ELSE expr  (9)

	INT  shift 4
	BOOL  shift 5
	ID  shift 6
	LET  shift 7
	IF  shift 8
	LPAR  shift 9
	FUN  shift 10
	MATCH  shift 11
	LBRACKET  shift 12
	.  error

	expr  goto 22
	apply_expr  goto 15


state 9
	apply_expr : LPAR . expr RPAR  (39)

	INT  shift 4
	BOOL  shift 5
	ID  shift 6
	LET  shift 7
	IF  shift 8
	LPAR  shift 9
	FUN  shift 10
	MATCH  shift 11
	LBRACKET  shift 12
	.  error

	expr  goto 23
	apply_expr  goto 15


state 10
	expr : FUN . var ARROW expr  (16)

	ID  shift 19
	.  error

	var  goto 24


state 11
	expr : MATCH . expr WITH pattern_expr END  (18)

	INT  shift 4
	BOOL  shift 5
	ID  shift 6
	LET  shift 7
	IF  shift 8
	LPAR  shift 9
	FUN  shift 10
	MATCH  shift 11
	LBRACKET  shift 12
	.  error

	expr  goto 25
	apply_expr  goto 15


state 12
	apply_expr : LBRACKET . RBRACKET  (40)

	RBRACKET  shift 26
	.  error


state 13
	%entry% : '\001' main .  (42)

	.  reduce 42


state 14
	main : expr . EOF  (1)
	main : expr . SEMI  (2)
	expr : expr . EQ expr  (10)
	expr : expr . LT expr  (11)
	expr : expr . PLUS expr  (12)
	expr : expr . MINUS expr  (13)
	expr : expr . TIMES expr  (14)
	expr : expr . DIV expr  (15)
	expr : expr . apply_expr  (17)
	expr : expr . CONS expr  (19)

	INT  shift 4
	BOOL  shift 5
	ID  shift 6
	PLUS  shift 27
	MINUS  shift 28
	TIMES  shift 29
	DIV  shift 30
	EQ  shift 31
	LT  shift 32
	LPAR  shift 9
	SEMI  shift 33
	EOF  shift 34
	CONS  shift 35
	LBRACKET  shift 12
	.  error

	apply_expr  goto 36


state 15
	expr : apply_expr .  (20)

	.  reduce 20


state 16
	command : LET . var EQ expr SEMI  (4)
	command : LET . REC var EQ FUN var ARROW expr SEMI  (5)
	expr : LET . var EQ expr IN expr  (6)
	expr : LET . REC var var EQ expr IN expr  (7)
	expr : LET . REC fun_list IN expr SEMI  (8)

	ID  shift 19
	REC  shift 37
	.  error

	var  goto 38


state 17
	%entry% : '\002' command .  (43)

	.  reduce 43


state 18
	command : expr . SEMI  (3)
	expr : expr . EQ expr  (10)
	expr : expr . LT expr  (11)
	expr : expr . PLUS expr  (12)
	expr : expr . MINUS expr  (13)
	expr : expr . TIMES expr  (14)
	expr : expr . DIV expr  (15)
	expr : expr . apply_expr  (17)
	expr : expr . CONS expr  (19)

	INT  shift 4
	BOOL  shift 5
	ID  shift 6
	PLUS  shift 27
	MINUS  shift 28
	TIMES  shift 29
	DIV  shift 30
	EQ  shift 31
	LT  shift 32
	LPAR  shift 9
	SEMI  shift 39
	CONS  shift 35
	LBRACKET  shift 12
	.  error

	apply_expr  goto 36


state 19
	var : ID .  (41)

	.  reduce 41


state 20
	expr : LET REC . var var EQ expr IN expr  (7)
	expr : LET REC . fun_list IN expr SEMI  (8)

	ID  shift 19
	.  error

	var  goto 40
	fun_list  goto 41


state 21
	expr : LET var . EQ expr IN expr  (6)

	EQ  shift 42
	.  error


state 22
	expr : IF expr . THEN expr ELSE expr  (9)
	expr : expr . EQ expr  (10)
	expr : expr . LT expr  (11)
	expr : expr . PLUS expr  (12)
	expr : expr . MINUS expr  (13)
	expr : expr . TIMES expr  (14)
	expr : expr . DIV expr  (15)
	expr : expr . apply_expr  (17)
	expr : expr . CONS expr  (19)

	INT  shift 4
	BOOL  shift 5
	ID  shift 6
	PLUS  shift 27
	MINUS  shift 28
	TIMES  shift 29
	DIV  shift 30
	EQ  shift 31
	LT  shift 32
	THEN  shift 43
	LPAR  shift 9
	CONS  shift 35
	LBRACKET  shift 12
	.  error

	apply_expr  goto 36


state 23
	expr : expr . EQ expr  (10)
	expr : expr . LT expr  (11)
	expr : expr . PLUS expr  (12)
	expr : expr . MINUS expr  (13)
	expr : expr . TIMES expr  (14)
	expr : expr . DIV expr  (15)
	expr : expr . apply_expr  (17)
	expr : expr . CONS expr  (19)
	apply_expr : LPAR expr . RPAR  (39)

	INT  shift 4
	BOOL  shift 5
	ID  shift 6
	PLUS  shift 27
	MINUS  shift 28
	TIMES  shift 29
	DIV  shift 30
	EQ  shift 31
	LT  shift 32
	LPAR  shift 9
	RPAR  shift 44
	CONS  shift 35
	LBRACKET  shift 12
	.  error

	apply_expr  goto 36


state 24
	expr : FUN var . ARROW expr  (16)

	ARROW  shift 45
	.  error


state 25
	expr : expr . EQ expr  (10)
	expr : expr . LT expr  (11)
	expr : expr . PLUS expr  (12)
	expr : expr . MINUS expr  (13)
	expr : expr . TIMES expr  (14)
	expr : expr . DIV expr  (15)
	expr : expr . apply_expr  (17)
	expr : MATCH expr . WITH pattern_expr END  (18)
	expr : expr . CONS expr  (19)

	INT  shift 4
	BOOL  shift 5
	ID  shift 6
	PLUS  shift 27
	MINUS  shift 28
	TIMES  shift 29
	DIV  shift 30
	EQ  shift 31
	LT  shift 32
	LPAR  shift 9
	WITH  shift 46
	CONS  shift 35
	LBRACKET  shift 12
	.  error

	apply_expr  goto 36


state 26
	apply_expr : LBRACKET RBRACKET .  (40)

	.  reduce 40


state 27
	expr : expr PLUS . expr  (12)

	INT  shift 4
	BOOL  shift 5
	ID  shift 6
	LET  shift 7
	IF  shift 8
	LPAR  shift 9
	FUN  shift 10
	MATCH  shift 11
	LBRACKET  shift 12
	.  error

	expr  goto 47
	apply_expr  goto 15


state 28
	expr : expr MINUS . expr  (13)

	INT  shift 4
	BOOL  shift 5
	ID  shift 6
	LET  shift 7
	IF  shift 8
	LPAR  shift 9
	FUN  shift 10
	MATCH  shift 11
	LBRACKET  shift 12
	.  error

	expr  goto 48
	apply_expr  goto 15


state 29
	expr : expr TIMES . expr  (14)

	INT  shift 4
	BOOL  shift 5
	ID  shift 6
	LET  shift 7
	IF  shift 8
	LPAR  shift 9
	FUN  shift 10
	MATCH  shift 11
	LBRACKET  shift 12
	.  error

	expr  goto 49
	apply_expr  goto 15


state 30
	expr : expr DIV . expr  (15)

	INT  shift 4
	BOOL  shift 5
	ID  shift 6
	LET  shift 7
	IF  shift 8
	LPAR  shift 9
	FUN  shift 10
	MATCH  shift 11
	LBRACKET  shift 12
	.  error

	expr  goto 50
	apply_expr  goto 15


state 31
	expr : expr EQ . expr  (10)

	INT  shift 4
	BOOL  shift 5
	ID  shift 6
	LET  shift 7
	IF  shift 8
	LPAR  shift 9
	FUN  shift 10
	MATCH  shift 11
	LBRACKET  shift 12
	.  error

	expr  goto 51
	apply_expr  goto 15


state 32
	expr : expr LT . expr  (11)

	INT  shift 4
	BOOL  shift 5
	ID  shift 6
	LET  shift 7
	IF  shift 8
	LPAR  shift 9
	FUN  shift 10
	MATCH  shift 11
	LBRACKET  shift 12
	.  error

	expr  goto 52
	apply_expr  goto 15


state 33
	main : expr SEMI .  (2)

	.  reduce 2


state 34
	main : expr EOF .  (1)

	.  reduce 1


state 35
	expr : expr CONS . expr  (19)

	INT  shift 4
	BOOL  shift 5
	ID  shift 6
	LET  shift 7
	IF  shift 8
	LPAR  shift 9
	FUN  shift 10
	MATCH  shift 11
	LBRACKET  shift 12
	.  error

	expr  goto 53
	apply_expr  goto 15


state 36
	expr : expr apply_expr .  (17)

	.  reduce 17


state 37
	command : LET REC . var EQ FUN var ARROW expr SEMI  (5)
	expr : LET REC . var var EQ expr IN expr  (7)
	expr : LET REC . fun_list IN expr SEMI  (8)

	ID  shift 19
	.  error

	var  goto 54
	fun_list  goto 41


state 38
	command : LET var . EQ expr SEMI  (4)
	expr : LET var . EQ expr IN expr  (6)

	EQ  shift 55
	.  error


state 39
	command : expr SEMI .  (3)

	.  reduce 3


state 40
	expr : LET REC var . var EQ expr IN expr  (7)
	fun_list : var . EQ FUN var ARROW expr  (21)
	fun_list : var . EQ FUN var ARROW expr AND fun_list  (22)

	ID  shift 19
	EQ  shift 56
	.  error

	var  goto 57


state 41
	expr : LET REC fun_list . IN expr SEMI  (8)

	IN  shift 58
	.  error


state 42
	expr : LET var EQ . expr IN expr  (6)

	INT  shift 4
	BOOL  shift 5
	ID  shift 6
	LET  shift 7
	IF  shift 8
	LPAR  shift 9
	FUN  shift 10
	MATCH  shift 11
	LBRACKET  shift 12
	.  error

	expr  goto 59
	apply_expr  goto 15


state 43
	expr : IF expr THEN . expr ELSE expr  (9)

	INT  shift 4
	BOOL  shift 5
	ID  shift 6
	LET  shift 7
	IF  shift 8
	LPAR  shift 9
	FUN  shift 10
	MATCH  shift 11
	LBRACKET  shift 12
	.  error

	expr  goto 60
	apply_expr  goto 15


state 44
	apply_expr : LPAR expr RPAR .  (39)

	.  reduce 39


state 45
	expr : FUN var ARROW . expr  (16)

	INT  shift 4
	BOOL  shift 5
	ID  shift 6
	LET  shift 7
	IF  shift 8
	LPAR  shift 9
	FUN  shift 10
	MATCH  shift 11
	LBRACKET  shift 12
	.  error

	expr  goto 61
	apply_expr  goto 15


state 46
	expr : MATCH expr WITH . pattern_expr END  (18)
	pattern_expr : .  (25)

	INT  shift 62
	BOOL  shift 63
	ID  shift 64
	LPAR  shift 65
	LBRACKET  shift 66
	END  reduce 25

	pattern_expr  goto 67
	pattern  goto 68


state 47
	expr : expr . EQ expr  (10)
	expr : expr . LT expr  (11)
	expr : expr . PLUS expr  (12)
	expr : expr PLUS expr .  (12)
	expr : expr . MINUS expr  (13)
	expr : expr . TIMES expr  (14)
	expr : expr . DIV expr  (15)
	expr : expr . apply_expr  (17)
	expr : expr . CONS expr  (19)

	INT  shift 4
	BOOL  shift 5
	ID  shift 6
	TIMES  shift 29
	DIV  shift 30
	LPAR  shift 9
	LBRACKET  shift 12
	IN  reduce 12
	PLUS  reduce 12
	MINUS  reduce 12
	EQ  reduce 12
	LT  reduce 12
	THEN  reduce 12
	ELSE  reduce 12
	RPAR  reduce 12
	WITH  reduce 12
	OR  reduce 12
	END  reduce 12
	SEMI  reduce 12
	EOF  reduce 12
	CONS  reduce 12
	AND  reduce 12

	apply_expr  goto 36


state 48
	expr : expr . EQ expr  (10)
	expr : expr . LT expr  (11)
	expr : expr . PLUS expr  (12)
	expr : expr . MINUS expr  (13)
	expr : expr MINUS expr .  (13)
	expr : expr . TIMES expr  (14)
	expr : expr . DIV expr  (15)
	expr : expr . apply_expr  (17)
	expr : expr . CONS expr  (19)

	INT  shift 4
	BOOL  shift 5
	ID  shift 6
	TIMES  shift 29
	DIV  shift 30
	LPAR  shift 9
	LBRACKET  shift 12
	IN  reduce 13
	PLUS  reduce 13
	MINUS  reduce 13
	EQ  reduce 13
	LT  reduce 13
	THEN  reduce 13
	ELSE  reduce 13
	RPAR  reduce 13
	WITH  reduce 13
	OR  reduce 13
	END  reduce 13
	SEMI  reduce 13
	EOF  reduce 13
	CONS  reduce 13
	AND  reduce 13

	apply_expr  goto 36


state 49
	expr : expr . EQ expr  (10)
	expr : expr . LT expr  (11)
	expr : expr . PLUS expr  (12)
	expr : expr . MINUS expr  (13)
	expr : expr . TIMES expr  (14)
	expr : expr TIMES expr .  (14)
	expr : expr . DIV expr  (15)
	expr : expr . apply_expr  (17)
	expr : expr . CONS expr  (19)

	INT  shift 4
	BOOL  shift 5
	ID  shift 6
	LPAR  shift 9
	LBRACKET  shift 12
	IN  reduce 14
	PLUS  reduce 14
	MINUS  reduce 14
	TIMES  reduce 14
	DIV  reduce 14
	EQ  reduce 14
	LT  reduce 14
	THEN  reduce 14
	ELSE  reduce 14
	RPAR  reduce 14
	WITH  reduce 14
	OR  reduce 14
	END  reduce 14
	SEMI  reduce 14
	EOF  reduce 14
	CONS  reduce 14
	AND  reduce 14

	apply_expr  goto 36


state 50
	expr : expr . EQ expr  (10)
	expr : expr . LT expr  (11)
	expr : expr . PLUS expr  (12)
	expr : expr . MINUS expr  (13)
	expr : expr . TIMES expr  (14)
	expr : expr . DIV expr  (15)
	expr : expr DIV expr .  (15)
	expr : expr . apply_expr  (17)
	expr : expr . CONS expr  (19)

	INT  shift 4
	BOOL  shift 5
	ID  shift 6
	LPAR  shift 9
	LBRACKET  shift 12
	IN  reduce 15
	PLUS  reduce 15
	MINUS  reduce 15
	TIMES  reduce 15
	DIV  reduce 15
	EQ  reduce 15
	LT  reduce 15
	THEN  reduce 15
	ELSE  reduce 15
	RPAR  reduce 15
	WITH  reduce 15
	OR  reduce 15
	END  reduce 15
	SEMI  reduce 15
	EOF  reduce 15
	CONS  reduce 15
	AND  reduce 15

	apply_expr  goto 36


state 51
	expr : expr . EQ expr  (10)
	expr : expr EQ expr .  (10)
	expr : expr . LT expr  (11)
	expr : expr . PLUS expr  (12)
	expr : expr . MINUS expr  (13)
	expr : expr . TIMES expr  (14)
	expr : expr . DIV expr  (15)
	expr : expr . apply_expr  (17)
	expr : expr . CONS expr  (19)

	INT  shift 4
	BOOL  shift 5
	ID  shift 6
	PLUS  shift 27
	MINUS  shift 28
	TIMES  shift 29
	DIV  shift 30
	LPAR  shift 9
	CONS  shift 35
	LBRACKET  shift 12
	IN  reduce 10
	EQ  reduce 10
	LT  reduce 10
	THEN  reduce 10
	ELSE  reduce 10
	RPAR  reduce 10
	WITH  reduce 10
	OR  reduce 10
	END  reduce 10
	SEMI  reduce 10
	EOF  reduce 10
	AND  reduce 10

	apply_expr  goto 36


state 52
	expr : expr . EQ expr  (10)
	expr : expr . LT expr  (11)
	expr : expr LT expr .  (11)
	expr : expr . PLUS expr  (12)
	expr : expr . MINUS expr  (13)
	expr : expr . TIMES expr  (14)
	expr : expr . DIV expr  (15)
	expr : expr . apply_expr  (17)
	expr : expr . CONS expr  (19)

	INT  shift 4
	BOOL  shift 5
	ID  shift 6
	PLUS  shift 27
	MINUS  shift 28
	TIMES  shift 29
	DIV  shift 30
	LPAR  shift 9
	CONS  shift 35
	LBRACKET  shift 12
	IN  reduce 11
	EQ  reduce 11
	LT  reduce 11
	THEN  reduce 11
	ELSE  reduce 11
	RPAR  reduce 11
	WITH  reduce 11
	OR  reduce 11
	END  reduce 11
	SEMI  reduce 11
	EOF  reduce 11
	AND  reduce 11

	apply_expr  goto 36


state 53
	expr : expr . EQ expr  (10)
	expr : expr . LT expr  (11)
	expr : expr . PLUS expr  (12)
	expr : expr . MINUS expr  (13)
	expr : expr . TIMES expr  (14)
	expr : expr . DIV expr  (15)
	expr : expr . apply_expr  (17)
	expr : expr . CONS expr  (19)
	expr : expr CONS expr .  (19)

	INT  shift 4
	BOOL  shift 5
	ID  shift 6
	PLUS  shift 27
	MINUS  shift 28
	TIMES  shift 29
	DIV  shift 30
	LPAR  shift 9
	CONS  shift 35
	LBRACKET  shift 12
	IN  reduce 19
	EQ  reduce 19
	LT  reduce 19
	THEN  reduce 19
	ELSE  reduce 19
	RPAR  reduce 19
	WITH  reduce 19
	OR  reduce 19
	END  reduce 19
	SEMI  reduce 19
	EOF  reduce 19
	AND  reduce 19

	apply_expr  goto 36


state 54
	command : LET REC var . EQ FUN var ARROW expr SEMI  (5)
	expr : LET REC var . var EQ expr IN expr  (7)
	fun_list : var . EQ FUN var ARROW expr  (21)
	fun_list : var . EQ FUN var ARROW expr AND fun_list  (22)

	ID  shift 19
	EQ  shift 69
	.  error

	var  goto 57


state 55
	command : LET var EQ . expr SEMI  (4)
	expr : LET var EQ . expr IN expr  (6)

	INT  shift 4
	BOOL  shift 5
	ID  shift 6
	LET  shift 7
	IF  shift 8
	LPAR  shift 9
	FUN  shift 10
	MATCH  shift 11
	LBRACKET  shift 12
	.  error

	expr  goto 70
	apply_expr  goto 15


state 56
	fun_list : var EQ . FUN var ARROW expr  (21)
	fun_list : var EQ . FUN var ARROW expr AND fun_list  (22)

	FUN  shift 71
	.  error


state 57
	expr : LET REC var var . EQ expr IN expr  (7)

	EQ  shift 72
	.  error


state 58
	expr : LET REC fun_list IN . expr SEMI  (8)

	INT  shift 4
	BOOL  shift 5
	ID  shift 6
	LET  shift 7
	IF  shift 8
	LPAR  shift 9
	FUN  shift 10
	MATCH  shift 11
	LBRACKET  shift 12
	.  error

	expr  goto 73
	apply_expr  goto 15


state 59
	expr : LET var EQ expr . IN expr  (6)
	expr : expr . EQ expr  (10)
	expr : expr . LT expr  (11)
	expr : expr . PLUS expr  (12)
	expr : expr . MINUS expr  (13)
	expr : expr . TIMES expr  (14)
	expr : expr . DIV expr  (15)
	expr : expr . apply_expr  (17)
	expr : expr . CONS expr  (19)

	INT  shift 4
	BOOL  shift 5
	ID  shift 6
	IN  shift 74
	PLUS  shift 27
	MINUS  shift 28
	TIMES  shift 29
	DIV  shift 30
	EQ  shift 31
	LT  shift 32
	LPAR  shift 9
	CONS  shift 35
	LBRACKET  shift 12
	.  error

	apply_expr  goto 36


state 60
	expr : IF expr THEN expr . ELSE expr  (9)
	expr : expr . EQ expr  (10)
	expr : expr . LT expr  (11)
	expr : expr . PLUS expr  (12)
	expr : expr . MINUS expr  (13)
	expr : expr . TIMES expr  (14)
	expr : expr . DIV expr  (15)
	expr : expr . apply_expr  (17)
	expr : expr . CONS expr  (19)

	INT  shift 4
	BOOL  shift 5
	ID  shift 6
	PLUS  shift 27
	MINUS  shift 28
	TIMES  shift 29
	DIV  shift 30
	EQ  shift 31
	LT  shift 32
	ELSE  shift 75
	LPAR  shift 9
	CONS  shift 35
	LBRACKET  shift 12
	.  error

	apply_expr  goto 36


state 61
	expr : expr . EQ expr  (10)
	expr : expr . LT expr  (11)
	expr : expr . PLUS expr  (12)
	expr : expr . MINUS expr  (13)
	expr : expr . TIMES expr  (14)
	expr : expr . DIV expr  (15)
	expr : FUN var ARROW expr .  (16)
	expr : expr . apply_expr  (17)
	expr : expr . CONS expr  (19)

	INT  shift 4
	BOOL  shift 5
	ID  shift 6
	PLUS  shift 27
	MINUS  shift 28
	TIMES  shift 29
	DIV  shift 30
	EQ  shift 31
	LT  shift 32
	LPAR  shift 9
	CONS  shift 35
	LBRACKET  shift 12
	IN  reduce 16
	THEN  reduce 16
	ELSE  reduce 16
	RPAR  reduce 16
	WITH  reduce 16
	OR  reduce 16
	END  reduce 16
	SEMI  reduce 16
	EOF  reduce 16
	AND  reduce 16

	apply_expr  goto 36


state 62
	pattern : INT .  (28)

	.  reduce 28


state 63
	pattern : BOOL .  (29)

	.  reduce 29


state 64
	pattern : ID .  (30)

	.  reduce 30


state 65
	pattern : LPAR . pattern COMMA pattern_list RPAR  (32)

	INT  shift 62
	BOOL  shift 63
	ID  shift 64
	LPAR  shift 65
	LBRACKET  shift 66
	.  error

	pattern  goto 76


state 66
	pattern : LBRACKET . RBRACKET  (31)

	RBRACKET  shift 77
	.  error


state 67
	expr : MATCH expr WITH pattern_expr . END  (18)

	END  shift 78
	.  error


state 68
	pattern_expr : pattern . ARROW expr  (26)
	pattern_expr : pattern . ARROW expr OR pattern_expr  (27)
	pattern : pattern . CONS pattern  (33)

	ARROW  shift 79
	CONS  shift 80
	.  error


state 69
	command : LET REC var EQ . FUN var ARROW expr SEMI  (5)
	fun_list : var EQ . FUN var ARROW expr  (21)
	fun_list : var EQ . FUN var ARROW expr AND fun_list  (22)

	FUN  shift 81
	.  error


state 70
	command : LET var EQ expr . SEMI  (4)
	expr : LET var EQ expr . IN expr  (6)
	expr : expr . EQ expr  (10)
	expr : expr . LT expr  (11)
	expr : expr . PLUS expr  (12)
	expr : expr . MINUS expr  (13)
	expr : expr . TIMES expr  (14)
	expr : expr . DIV expr  (15)
	expr : expr . apply_expr  (17)
	expr : expr . CONS expr  (19)

	INT  shift 4
	BOOL  shift 5
	ID  shift 6
	IN  shift 74
	PLUS  shift 27
	MINUS  shift 28
	TIMES  shift 29
	DIV  shift 30
	EQ  shift 31
	LT  shift 32
	LPAR  shift 9
	SEMI  shift 82
	CONS  shift 35
	LBRACKET  shift 12
	.  error

	apply_expr  goto 36


state 71
	fun_list : var EQ FUN . var ARROW expr  (21)
	fun_list : var EQ FUN . var ARROW expr AND fun_list  (22)

	ID  shift 19
	.  error

	var  goto 83


state 72
	expr : LET REC var var EQ . expr IN expr  (7)

	INT  shift 4
	BOOL  shift 5
	ID  shift 6
	LET  shift 7
	IF  shift 8
	LPAR  shift 9
	FUN  shift 10
	MATCH  shift 11
	LBRACKET  shift 12
	.  error

	expr  goto 84
	apply_expr  goto 15


state 73
	expr : LET REC fun_list IN expr . SEMI  (8)
	expr : expr . EQ expr  (10)
	expr : expr . LT expr  (11)
	expr : expr . PLUS expr  (12)
	expr : expr . MINUS expr  (13)
	expr : expr . TIMES expr  (14)
	expr : expr . DIV expr  (15)
	expr : expr . apply_expr  (17)
	expr : expr . CONS expr  (19)

	INT  shift 4
	BOOL  shift 5
	ID  shift 6
	PLUS  shift 27
	MINUS  shift 28
	TIMES  shift 29
	DIV  shift 30
	EQ  shift 31
	LT  shift 32
	LPAR  shift 9
	SEMI  shift 85
	CONS  shift 35
	LBRACKET  shift 12
	.  error

	apply_expr  goto 36


state 74
	expr : LET var EQ expr IN . expr  (6)

	INT  shift 4
	BOOL  shift 5
	ID  shift 6
	LET  shift 7
	IF  shift 8
	LPAR  shift 9
	FUN  shift 10
	MATCH  shift 11
	LBRACKET  shift 12
	.  error

	expr  goto 86
	apply_expr  goto 15


state 75
	expr : IF expr THEN expr ELSE . expr  (9)

	INT  shift 4
	BOOL  shift 5
	ID  shift 6
	LET  shift 7
	IF  shift 8
	LPAR  shift 9
	FUN  shift 10
	MATCH  shift 11
	LBRACKET  shift 12
	.  error

	expr  goto 87
	apply_expr  goto 15


state 76
	pattern : LPAR pattern . COMMA pattern_list RPAR  (32)
	pattern : pattern . CONS pattern  (33)

	COMMA  shift 88
	CONS  shift 80
	.  error


state 77
	pattern : LBRACKET RBRACKET .  (31)

	.  reduce 31


state 78
	expr : MATCH expr WITH pattern_expr END .  (18)

	.  reduce 18


state 79
	pattern_expr : pattern ARROW . expr  (26)
	pattern_expr : pattern ARROW . expr OR pattern_expr  (27)

	INT  shift 4
	BOOL  shift 5
	ID  shift 6
	LET  shift 7
	IF  shift 8
	LPAR  shift 9
	FUN  shift 10
	MATCH  shift 11
	LBRACKET  shift 12
	.  error

	expr  goto 89
	apply_expr  goto 15


state 80
	pattern : pattern CONS . pattern  (33)

	INT  shift 62
	BOOL  shift 63
	ID  shift 64
	LPAR  shift 65
	LBRACKET  shift 66
	.  error

	pattern  goto 90


state 81
	command : LET REC var EQ FUN . var ARROW expr SEMI  (5)
	fun_list : var EQ FUN . var ARROW expr  (21)
	fun_list : var EQ FUN . var ARROW expr AND fun_list  (22)

	ID  shift 19
	.  error

	var  goto 91


state 82
	command : LET var EQ expr SEMI .  (4)

	.  reduce 4


state 83
	fun_list : var EQ FUN var . ARROW expr  (21)
	fun_list : var EQ FUN var . ARROW expr AND fun_list  (22)

	ARROW  shift 92
	.  error


state 84
	expr : LET REC var var EQ expr . IN expr  (7)
	expr : expr . EQ expr  (10)
	expr : expr . LT expr  (11)
	expr : expr . PLUS expr  (12)
	expr : expr . MINUS expr  (13)
	expr : expr . TIMES expr  (14)
	expr : expr . DIV expr  (15)
	expr : expr . apply_expr  (17)
	expr : expr . CONS expr  (19)

	INT  shift 4
	BOOL  shift 5
	ID  shift 6
	IN  shift 93
	PLUS  shift 27
	MINUS  shift 28
	TIMES  shift 29
	DIV  shift 30
	EQ  shift 31
	LT  shift 32
	LPAR  shift 9
	CONS  shift 35
	LBRACKET  shift 12
	.  error

	apply_expr  goto 36


state 85
	expr : LET REC fun_list IN expr SEMI .  (8)

	.  reduce 8


state 86
	expr : LET var EQ expr IN expr .  (6)
	expr : expr . EQ expr  (10)
	expr : expr . LT expr  (11)
	expr : expr . PLUS expr  (12)
	expr : expr . MINUS expr  (13)
	expr : expr . TIMES expr  (14)
	expr : expr . DIV expr  (15)
	expr : expr . apply_expr  (17)
	expr : expr . CONS expr  (19)

	INT  shift 4
	BOOL  shift 5
	ID  shift 6
	PLUS  shift 27
	MINUS  shift 28
	TIMES  shift 29
	DIV  shift 30
	EQ  shift 31
	LT  shift 32
	LPAR  shift 9
	CONS  shift 35
	LBRACKET  shift 12
	IN  reduce 6
	THEN  reduce 6
	ELSE  reduce 6
	RPAR  reduce 6
	WITH  reduce 6
	OR  reduce 6
	END  reduce 6
	SEMI  reduce 6
	EOF  reduce 6
	AND  reduce 6

	apply_expr  goto 36


state 87
	expr : IF expr THEN expr ELSE expr .  (9)
	expr : expr . EQ expr  (10)
	expr : expr . LT expr  (11)
	expr : expr . PLUS expr  (12)
	expr : expr . MINUS expr  (13)
	expr : expr . TIMES expr  (14)
	expr : expr . DIV expr  (15)
	expr : expr . apply_expr  (17)
	expr : expr . CONS expr  (19)

	INT  shift 4
	BOOL  shift 5
	ID  shift 6
	PLUS  shift 27
	MINUS  shift 28
	TIMES  shift 29
	DIV  shift 30
	EQ  shift 31
	LT  shift 32
	LPAR  shift 9
	CONS  shift 35
	LBRACKET  shift 12
	IN  reduce 9
	THEN  reduce 9
	ELSE  reduce 9
	RPAR  reduce 9
	WITH  reduce 9
	OR  reduce 9
	END  reduce 9
	SEMI  reduce 9
	EOF  reduce 9
	AND  reduce 9

	apply_expr  goto 36


state 88
	pattern : LPAR pattern COMMA . pattern_list RPAR  (32)

	INT  shift 62
	BOOL  shift 63
	ID  shift 64
	LPAR  shift 65
	LBRACKET  shift 66
	.  error

	pattern  goto 94
	pattern_list  goto 95


state 89
	expr : expr . EQ expr  (10)
	expr : expr . LT expr  (11)
	expr : expr . PLUS expr  (12)
	expr : expr . MINUS expr  (13)
	expr : expr . TIMES expr  (14)
	expr : expr . DIV expr  (15)
	expr : expr . apply_expr  (17)
	expr : expr . CONS expr  (19)
	pattern_expr : pattern ARROW expr .  (26)
	pattern_expr : pattern ARROW expr . OR pattern_expr  (27)

	INT  shift 4
	BOOL  shift 5
	ID  shift 6
	PLUS  shift 27
	MINUS  shift 28
	TIMES  shift 29
	DIV  shift 30
	EQ  shift 31
	LT  shift 32
	LPAR  shift 9
	OR  shift 96
	CONS  shift 35
	LBRACKET  shift 12
	END  reduce 26

	apply_expr  goto 36


state 90
	pattern : pattern . CONS pattern  (33)
	pattern : pattern CONS pattern .  (33)

	CONS  shift 80
	RPAR  reduce 33
	ARROW  reduce 33
	COMMA  reduce 33


state 91
	command : LET REC var EQ FUN var . ARROW expr SEMI  (5)
	fun_list : var EQ FUN var . ARROW expr  (21)
	fun_list : var EQ FUN var . ARROW expr AND fun_list  (22)

	ARROW  shift 97
	.  error


state 92
	fun_list : var EQ FUN var ARROW . expr  (21)
	fun_list : var EQ FUN var ARROW . expr AND fun_list  (22)

	INT  shift 4
	BOOL  shift 5
	ID  shift 6
	LET  shift 7
	IF  shift 8
	LPAR  shift 9
	FUN  shift 10
	MATCH  shift 11
	LBRACKET  shift 12
	.  error

	expr  goto 98
	apply_expr  goto 15


state 93
	expr : LET REC var var EQ expr IN . expr  (7)

	INT  shift 4
	BOOL  shift 5
	ID  shift 6
	LET  shift 7
	IF  shift 8
	LPAR  shift 9
	FUN  shift 10
	MATCH  shift 11
	LBRACKET  shift 12
	.  error

	expr  goto 99
	apply_expr  goto 15


state 94
	pattern : pattern . CONS pattern  (33)
	pattern_list : pattern .  (34)
	pattern_list : pattern . COMMA pattern_list  (35)

	COMMA  shift 100
	CONS  shift 80
	RPAR  reduce 34


state 95
	pattern : LPAR pattern COMMA pattern_list . RPAR  (32)

	RPAR  shift 101
	.  error


state 96
	pattern_expr : pattern ARROW expr OR . pattern_expr  (27)
	pattern_expr : .  (25)

	INT  shift 62
	BOOL  shift 63
	ID  shift 64
	LPAR  shift 65
	LBRACKET  shift 66
	END  reduce 25

	pattern_expr  goto 102
	pattern  goto 68


state 97
	command : LET REC var EQ FUN var ARROW . expr SEMI  (5)
	fun_list : var EQ FUN var ARROW . expr  (21)
	fun_list : var EQ FUN var ARROW . expr AND fun_list  (22)

	INT  shift 4
	BOOL  shift 5
	ID  shift 6
	LET  shift 7
	IF  shift 8
	LPAR  shift 9
	FUN  shift 10
	MATCH  shift 11
	LBRACKET  shift 12
	.  error

	expr  goto 103
	apply_expr  goto 15


state 98
	expr : expr . EQ expr  (10)
	expr : expr . LT expr  (11)
	expr : expr . PLUS expr  (12)
	expr : expr . MINUS expr  (13)
	expr : expr . TIMES expr  (14)
	expr : expr . DIV expr  (15)
	expr : expr . apply_expr  (17)
	expr : expr . CONS expr  (19)
	fun_list : var EQ FUN var ARROW expr .  (21)
	fun_list : var EQ FUN var ARROW expr . AND fun_list  (22)

	INT  shift 4
	BOOL  shift 5
	ID  shift 6
	PLUS  shift 27
	MINUS  shift 28
	TIMES  shift 29
	DIV  shift 30
	EQ  shift 31
	LT  shift 32
	LPAR  shift 9
	CONS  shift 35
	LBRACKET  shift 12
	AND  shift 104
	IN  reduce 21

	apply_expr  goto 36


state 99
	expr : LET REC var var EQ expr IN expr .  (7)
	expr : expr . EQ expr  (10)
	expr : expr . LT expr  (11)
	expr : expr . PLUS expr  (12)
	expr : expr . MINUS expr  (13)
	expr : expr . TIMES expr  (14)
	expr : expr . DIV expr  (15)
	expr : expr . apply_expr  (17)
	expr : expr . CONS expr  (19)

	INT  shift 4
	BOOL  shift 5
	ID  shift 6
	PLUS  shift 27
	MINUS  shift 28
	TIMES  shift 29
	DIV  shift 30
	EQ  shift 31
	LT  shift 32
	LPAR  shift 9
	CONS  shift 35
	LBRACKET  shift 12
	IN  reduce 7
	THEN  reduce 7
	ELSE  reduce 7
	RPAR  reduce 7
	WITH  reduce 7
	OR  reduce 7
	END  reduce 7
	SEMI  reduce 7
	EOF  reduce 7
	AND  reduce 7

	apply_expr  goto 36


state 100
	pattern_list : pattern COMMA . pattern_list  (35)

	INT  shift 62
	BOOL  shift 63
	ID  shift 64
	LPAR  shift 65
	LBRACKET  shift 66
	.  error

	pattern  goto 94
	pattern_list  goto 105


state 101
	pattern : LPAR pattern COMMA pattern_list RPAR .  (32)

	.  reduce 32


state 102
	pattern_expr : pattern ARROW expr OR pattern_expr .  (27)

	.  reduce 27


state 103
	command : LET REC var EQ FUN var ARROW expr . SEMI  (5)
	expr : expr . EQ expr  (10)
	expr : expr . LT expr  (11)
	expr : expr . PLUS expr  (12)
	expr : expr . MINUS expr  (13)
	expr : expr . TIMES expr  (14)
	expr : expr . DIV expr  (15)
	expr : expr . apply_expr  (17)
	expr : expr . CONS expr  (19)
	fun_list : var EQ FUN var ARROW expr .  (21)
	fun_list : var EQ FUN var ARROW expr . AND fun_list  (22)

	INT  shift 4
	BOOL  shift 5
	ID  shift 6
	PLUS  shift 27
	MINUS  shift 28
	TIMES  shift 29
	DIV  shift 30
	EQ  shift 31
	LT  shift 32
	LPAR  shift 9
	SEMI  shift 106
	CONS  shift 35
	LBRACKET  shift 12
	AND  shift 104
	IN  reduce 21

	apply_expr  goto 36


state 104
	fun_list : var EQ FUN var ARROW expr AND . fun_list  (22)

	ID  shift 19
	.  error

	var  goto 107
	fun_list  goto 108


state 105
	pattern_list : pattern COMMA pattern_list .  (35)

	.  reduce 35


state 106
	command : LET REC var EQ FUN var ARROW expr SEMI .  (5)

	.  reduce 5


state 107
	fun_list : var . EQ FUN var ARROW expr  (21)
	fun_list : var . EQ FUN var ARROW expr AND fun_list  (22)

	EQ  shift 56
	.  error


state 108
	fun_list : var EQ FUN var ARROW expr AND fun_list .  (22)

	.  reduce 22


Rules never reduced:
	expr_list : expr  (23)
	expr_list : expr COMMA expr_list  (24)


34 terminals, 12 nonterminals
44 grammar rules, 109 states
